<?xml version="1.0" encoding="UTF-8"?>
<!-- Generated by org.testng.reporters.JUnitXMLReporter -->
<testsuite ignored="4" hostname="DESKTOP-VA3AMHQ" failures="0" tests="1" name="Default test" time="4.875" errors="0" timestamp="2025-02-22T17:48:59 EET">
  <testcase classname="tests.SubmitOrderTest" name="findProductDealTest" time="0.359"/>
  <testcase classname="tests.SubmitOrderTest" name="submitOrderSearchProductTest" time="0.0">
    <ignored/>
  </testcase> <!-- submitOrderSearchProductTest -->
  <testcase classname="tests.SubmitOrderTest" name="submitOrderNoPromoCodeTest" time="0.0">
    <ignored/>
  </testcase> <!-- submitOrderNoPromoCodeTest -->
  <testcase classname="tests.SubmitOrderTest" name="submitOrderWithPromoCodeTest" time="0.0">
    <ignored/>
  </testcase> <!-- submitOrderWithPromoCodeTest -->
  <testcase classname="tests.SubmitOrderTest" name="submitOrderAllProductsOnceTest" time="0.0">
    <ignored/>
  </testcase> <!-- submitOrderAllProductsOnceTest -->
</testsuite> <!-- Default test -->
