<?xml version="1.0" encoding="UTF-8"?>
<!-- Generated by org.testng.reporters.JUnitXMLReporter -->
<testsuite ignored="0" hostname="DESKTOP-VA3AMHQ" failures="0" tests="5" name="Test" time="36.645" errors="0" timestamp="2025-02-23T14:19:25 EET">
  <testcase classname="tests.SubmitOrderTest" name="findProductDealTest" time="0.317"/>
  <testcase classname="tests.SubmitOrderTest" name="submitOrderAllProductsOnceTest" time="3.973"/>
  <testcase classname="tests.SubmitOrderTest" name="submitOrderNoPromoCodeTest" time="2.257"/>
  <testcase classname="tests.SubmitOrderTest" name="submitOrderSearchProductTest" time="1.213"/>
  <testcase classname="tests.SubmitOrderTest" name="submitOrderWithPromoCodeTest" time="7.31"/>
</testsuite> <!-- Test -->
