<?xml version="1.0" encoding="UTF-8"?>
<!-- Generated by org.testng.reporters.JUnitXMLReporter -->
<testsuite ignored="0" hostname="DESKTOP-VA3AMHQ" failures="0" tests="5" name="SubmitPurchase" time="34.979" errors="0" timestamp="2025-02-23T14:24:06 EET">
  <testcase classname="tests.SubmitOrderTest" name="findProductDealTest" time="0.336"/>
  <testcase classname="tests.SubmitOrderTest" name="submitOrderAllProductsOnceTest" time="3.862"/>
  <testcase classname="tests.SubmitOrderTest" name="submitOrderNoPromoCodeTest" time="2.234"/>
  <testcase classname="tests.SubmitOrderTest" name="submitOrderSearchProductTest" time="1.148"/>
  <testcase classname="tests.SubmitOrderTest" name="submitOrderWithPromoCodeTest" time="7.353"/>
</testsuite> <!-- SubmitPurchase -->
